2020-01-21 15:38:12,616 INFO org.springframework.boot.StartupInfoLogger [restartedMain] Starting DemoApplication on B4XK9W2 with PID 12332 (C:\ARUP\ARUP_JAVA\SPRING\NewSpring\demo\target\classes started by ABasu1 in C:\ARUP\ARUP_JAVA\SPRING\NewSpring\demo)
2020-01-21 15:38:12,621 INFO org.springframework.boot.SpringApplication [restartedMain] No active profile set, falling back to default profiles: default
2020-01-21 15:38:12,662 INFO org.springframework.boot.logging.DeferredLog [restartedMain] Devtools property defaults active! Set 'spring.devtools.add-properties' to 'false' to disable
2020-01-21 15:38:12,663 INFO org.springframework.boot.logging.DeferredLog [restartedMain] For additional web related logging consider setting the 'logging.level.web' property to 'DEBUG'
2020-01-21 15:38:14,577 INFO org.springframework.boot.web.embedded.tomcat.TomcatWebServer [restartedMain] Tomcat initialized with port(s): 8080 (http)
2020-01-21 15:38:14,588 INFO org.apache.juli.logging.DirectJDKLog [restartedMain] Initializing ProtocolHandler ["http-nio-8080"]
2020-01-21 15:38:14,588 INFO org.apache.juli.logging.DirectJDKLog [restartedMain] Starting service [Tomcat]
2020-01-21 15:38:14,589 INFO org.apache.juli.logging.DirectJDKLog [restartedMain] Starting Servlet engine: [Apache Tomcat/9.0.30]
2020-01-21 15:38:14,666 INFO org.apache.juli.logging.DirectJDKLog [restartedMain] Initializing Spring embedded WebApplicationContext
2020-01-21 15:38:14,667 INFO org.springframework.boot.web.servlet.context.ServletWebServerApplicationContext [restartedMain] Root WebApplicationContext: initialization completed in 2004 ms
2020-01-21 15:38:15,676 INFO org.springframework.scheduling.concurrent.ExecutorConfigurationSupport [restartedMain] Initializing ExecutorService 'applicationTaskExecutor'
2020-01-21 15:38:15,891 WARN org.springframework.boot.autoconfigure.thymeleaf.ThymeleafAutoConfiguration$DefaultTemplateResolverConfiguration [restartedMain] Cannot find template location: classpath:/templates/ (please add some templates or check your Thymeleaf configuration)
2020-01-21 15:38:16,154 INFO org.springframework.boot.devtools.autoconfigure.OptionalLiveReloadServer [restartedMain] LiveReload server is running on port 35729
2020-01-21 15:38:16,163 INFO org.springframework.boot.actuate.endpoint.web.EndpointLinksResolver [restartedMain] Exposing 2 endpoint(s) beneath base path '/actuator'
2020-01-21 15:38:16,215 INFO org.apache.juli.logging.DirectJDKLog [restartedMain] Starting ProtocolHandler ["http-nio-8080"]
2020-01-21 15:38:16,245 INFO org.springframework.boot.web.embedded.tomcat.TomcatWebServer [restartedMain] Tomcat started on port(s): 8080 (http) with context path ''
2020-01-21 15:38:16,249 INFO org.springframework.boot.StartupInfoLogger [restartedMain] Started DemoApplication in 4.011 seconds (JVM running for 4.421)
2020-01-21 15:42:35,978 INFO org.apache.juli.logging.DirectJDKLog [http-nio-8080-exec-1] Initializing Spring DispatcherServlet 'dispatcherServlet'
2020-01-21 15:42:35,979 INFO org.springframework.web.servlet.FrameworkServlet [http-nio-8080-exec-1] Initializing Servlet 'dispatcherServlet'
2020-01-21 15:42:36,002 INFO org.springframework.web.servlet.FrameworkServlet [http-nio-8080-exec-1] Completed initialization in 23 ms
2020-01-21 15:42:36,031 INFO com.arup.demo.LoggingController [http-nio-8080-exec-1] An INFO Message
2020-01-21 15:42:36,031 WARN com.arup.demo.LoggingController [http-nio-8080-exec-1] A WARN Message
2020-01-21 15:42:36,031 ERROR com.arup.demo.LoggingController [http-nio-8080-exec-1] An ERROR Message
2020-01-21 16:33:05,031 INFO org.springframework.scheduling.concurrent.ExecutorConfigurationSupport [Thread-6] Shutting down ExecutorService 'applicationTaskExecutor'
2020-01-21 16:33:05,240 INFO org.springframework.boot.StartupInfoLogger [restartedMain] Starting DemoApplication on B4XK9W2 with PID 12332 (C:\ARUP\ARUP_JAVA\SPRING\NewSpring\demo\target\classes started by ABasu1 in C:\ARUP\ARUP_JAVA\SPRING\NewSpring\demo)
2020-01-21 16:33:05,241 INFO org.springframework.boot.SpringApplication [restartedMain] No active profile set, falling back to default profiles: default
2020-01-21 16:33:05,896 INFO org.springframework.boot.web.embedded.tomcat.TomcatWebServer [restartedMain] Tomcat initialized with port(s): 8080 (http)
2020-01-21 16:33:05,897 INFO org.apache.juli.logging.DirectJDKLog [restartedMain] Initializing ProtocolHandler ["http-nio-8080"]
2020-01-21 16:33:05,897 INFO org.apache.juli.logging.DirectJDKLog [restartedMain] Starting service [Tomcat]
2020-01-21 16:33:05,904 INFO org.apache.juli.logging.DirectJDKLog [restartedMain] Starting Servlet engine: [Apache Tomcat/9.0.30]
2020-01-21 16:33:05,918 INFO org.apache.juli.logging.DirectJDKLog [restartedMain] Initializing Spring embedded WebApplicationContext
2020-01-21 16:33:05,919 INFO org.springframework.boot.web.servlet.context.ServletWebServerApplicationContext [restartedMain] Root WebApplicationContext: initialization completed in 675 ms
2020-01-21 16:33:06,088 INFO org.springframework.scheduling.concurrent.ExecutorConfigurationSupport [restartedMain] Initializing ExecutorService 'applicationTaskExecutor'
2020-01-21 16:33:06,129 WARN org.springframework.boot.autoconfigure.thymeleaf.ThymeleafAutoConfiguration$DefaultTemplateResolverConfiguration [restartedMain] Cannot find template location: classpath:/templates/ (please add some templates or check your Thymeleaf configuration)
2020-01-21 16:33:06,191 INFO org.springframework.boot.devtools.autoconfigure.OptionalLiveReloadServer [restartedMain] LiveReload server is running on port 35729
2020-01-21 16:33:06,194 INFO org.springframework.boot.actuate.endpoint.web.EndpointLinksResolver [restartedMain] Exposing 2 endpoint(s) beneath base path '/actuator'
2020-01-21 16:33:06,208 INFO org.apache.juli.logging.DirectJDKLog [restartedMain] Starting ProtocolHandler ["http-nio-8080"]
2020-01-21 16:33:06,223 INFO org.springframework.boot.web.embedded.tomcat.TomcatWebServer [restartedMain] Tomcat started on port(s): 8080 (http) with context path ''
2020-01-21 16:33:06,223 INFO org.springframework.boot.StartupInfoLogger [restartedMain] Started DemoApplication in 1.018 seconds (JVM running for 3294.379)
2020-01-21 16:33:06,227 INFO org.springframework.boot.devtools.autoconfigure.ConditionEvaluationDeltaLoggingListener [restartedMain] Condition evaluation unchanged
2020-01-21 16:34:04,941 INFO org.springframework.scheduling.concurrent.ExecutorConfigurationSupport [Thread-9] Shutting down ExecutorService 'applicationTaskExecutor'
2020-01-21 16:34:05,187 INFO org.springframework.boot.StartupInfoLogger [restartedMain] Starting DemoApplication on B4XK9W2 with PID 12332 (C:\ARUP\ARUP_JAVA\SPRING\NewSpring\demo\target\classes started by ABasu1 in C:\ARUP\ARUP_JAVA\SPRING\NewSpring\demo)
2020-01-21 16:34:05,188 INFO org.springframework.boot.SpringApplication [restartedMain] No active profile set, falling back to default profiles: default
2020-01-21 16:34:05,195 WARN org.springframework.context.support.AbstractApplicationContext [restartedMain] Exception encountered during context initialization - cancelling refresh attempt: org.springframework.beans.factory.BeanDefinitionStoreException: Failed to read candidate component class: file [C:\ARUP\ARUP_JAVA\SPRING\NewSpring\demo\target\classes\com\arup\demo\ProductServiceController.class]; nested exception is java.lang.IllegalArgumentException
2020-01-21 16:34:05,198 ERROR org.springframework.boot.SpringApplication [restartedMain] Application run failed
org.springframework.beans.factory.BeanDefinitionStoreException: Failed to read candidate component class: file [C:\ARUP\ARUP_JAVA\SPRING\NewSpring\demo\target\classes\com\arup\demo\ProductServiceController.class]; nested exception is java.lang.IllegalArgumentException
	at org.springframework.context.annotation.ClassPathScanningCandidateComponentProvider.scanCandidateComponents(ClassPathScanningCandidateComponentProvider.java:454)
	at org.springframework.context.annotation.ClassPathScanningCandidateComponentProvider.findCandidateComponents(ClassPathScanningCandidateComponentProvider.java:316)
	at org.springframework.context.annotation.ClassPathBeanDefinitionScanner.doScan(ClassPathBeanDefinitionScanner.java:276)
	at org.springframework.context.annotation.ComponentScanAnnotationParser.parse(ComponentScanAnnotationParser.java:132)
	at org.springframework.context.annotation.ConfigurationClassParser.doProcessConfigurationClass(ConfigurationClassParser.java:290)
	at org.springframework.context.annotation.ConfigurationClassParser.processConfigurationClass(ConfigurationClassParser.java:245)
	at org.springframework.context.annotation.ConfigurationClassParser.parse(ConfigurationClassParser.java:202)
	at org.springframework.context.annotation.ConfigurationClassParser.parse(ConfigurationClassParser.java:170)
	at org.springframework.context.annotation.ConfigurationClassPostProcessor.processConfigBeanDefinitions(ConfigurationClassPostProcessor.java:319)
	at org.springframework.context.annotation.ConfigurationClassPostProcessor.postProcessBeanDefinitionRegistry(ConfigurationClassPostProcessor.java:236)
	at org.springframework.context.support.PostProcessorRegistrationDelegate.invokeBeanDefinitionRegistryPostProcessors(PostProcessorRegistrationDelegate.java:275)
	at org.springframework.context.support.PostProcessorRegistrationDelegate.invokeBeanFactoryPostProcessors(PostProcessorRegistrationDelegate.java:95)
	at org.springframework.context.support.AbstractApplicationContext.invokeBeanFactoryPostProcessors(AbstractApplicationContext.java:706)
	at org.springframework.context.support.AbstractApplicationContext.refresh(AbstractApplicationContext.java:532)
	at org.springframework.boot.web.servlet.context.ServletWebServerApplicationContext.refresh(ServletWebServerApplicationContext.java:141)
	at org.springframework.boot.SpringApplication.refresh(SpringApplication.java:747)
	at org.springframework.boot.SpringApplication.refreshContext(SpringApplication.java:397)
	at org.springframework.boot.SpringApplication.run(SpringApplication.java:315)
	at org.springframework.boot.SpringApplication.run(SpringApplication.java:1226)
	at org.springframework.boot.SpringApplication.run(SpringApplication.java:1215)
	at com.arup.demo.DemoApplication.main(DemoApplication.java:22)
	at sun.reflect.NativeMethodAccessorImpl.invoke0(Native Method)
	at sun.reflect.NativeMethodAccessorImpl.invoke(NativeMethodAccessorImpl.java:62)
	at sun.reflect.DelegatingMethodAccessorImpl.invoke(DelegatingMethodAccessorImpl.java:43)
	at java.lang.reflect.Method.invoke(Method.java:498)
	at org.springframework.boot.devtools.restart.RestartLauncher.run(RestartLauncher.java:49)
Caused by: java.lang.IllegalArgumentException: null
	at org.springframework.asm.ClassReader.readElementValue(ClassReader.java:2954)
	at org.springframework.asm.ClassReader.readElementValues(ClassReader.java:2765)
	at org.springframework.asm.ClassReader.readMethod(ClassReader.java:1183)
	at org.springframework.asm.ClassReader.accept(ClassReader.java:688)
	at org.springframework.asm.ClassReader.accept(ClassReader.java:400)
	at org.springframework.core.type.classreading.SimpleMetadataReader.<init>(SimpleMetadataReader.java:50)
	at org.springframework.core.type.classreading.SimpleMetadataReaderFactory.getMetadataReader(SimpleMetadataReaderFactory.java:103)
	at org.springframework.core.type.classreading.CachingMetadataReaderFactory.getMetadataReader(CachingMetadataReaderFactory.java:123)
	at org.springframework.context.annotation.ClassPathScanningCandidateComponentProvider.scanCandidateComponents(ClassPathScanningCandidateComponentProvider.java:430)
	... 25 common frames omitted
2020-01-21 16:34:35,824 INFO org.springframework.boot.StartupInfoLogger [restartedMain] Starting DemoApplication on B4XK9W2 with PID 12332 (C:\ARUP\ARUP_JAVA\SPRING\NewSpring\demo\target\classes started by ABasu1 in C:\ARUP\ARUP_JAVA\SPRING\NewSpring\demo)
2020-01-21 16:34:35,825 INFO org.springframework.boot.SpringApplication [restartedMain] No active profile set, falling back to default profiles: default
2020-01-21 16:34:36,393 INFO org.springframework.boot.web.embedded.tomcat.TomcatWebServer [restartedMain] Tomcat initialized with port(s): 8080 (http)
2020-01-21 16:34:36,393 INFO org.apache.juli.logging.DirectJDKLog [restartedMain] Initializing ProtocolHandler ["http-nio-8080"]
2020-01-21 16:34:36,394 INFO org.apache.juli.logging.DirectJDKLog [restartedMain] Starting service [Tomcat]
2020-01-21 16:34:36,394 INFO org.apache.juli.logging.DirectJDKLog [restartedMain] Starting Servlet engine: [Apache Tomcat/9.0.30]
2020-01-21 16:34:36,405 INFO org.apache.juli.logging.DirectJDKLog [restartedMain] Initializing Spring embedded WebApplicationContext
2020-01-21 16:34:36,406 INFO org.springframework.boot.web.servlet.context.ServletWebServerApplicationContext [restartedMain] Root WebApplicationContext: initialization completed in 579 ms
2020-01-21 16:34:36,547 INFO org.springframework.scheduling.concurrent.ExecutorConfigurationSupport [restartedMain] Initializing ExecutorService 'applicationTaskExecutor'
2020-01-21 16:34:36,592 WARN org.springframework.boot.autoconfigure.thymeleaf.ThymeleafAutoConfiguration$DefaultTemplateResolverConfiguration [restartedMain] Cannot find template location: classpath:/templates/ (please add some templates or check your Thymeleaf configuration)
2020-01-21 16:34:36,643 INFO org.springframework.boot.devtools.autoconfigure.OptionalLiveReloadServer [restartedMain] LiveReload server is running on port 35729
2020-01-21 16:34:36,645 INFO org.springframework.boot.actuate.endpoint.web.EndpointLinksResolver [restartedMain] Exposing 2 endpoint(s) beneath base path '/actuator'
2020-01-21 16:34:36,658 INFO org.apache.juli.logging.DirectJDKLog [restartedMain] Starting ProtocolHandler ["http-nio-8080"]
2020-01-21 16:34:36,667 INFO org.springframework.boot.web.embedded.tomcat.TomcatWebServer [restartedMain] Tomcat started on port(s): 8080 (http) with context path ''
2020-01-21 16:34:36,668 INFO org.springframework.boot.StartupInfoLogger [restartedMain] Started DemoApplication in 0.876 seconds (JVM running for 3384.831)
2020-01-21 16:34:36,671 INFO org.springframework.boot.devtools.autoconfigure.ConditionEvaluationDeltaLoggingListener [restartedMain] Condition evaluation unchanged
2020-01-21 16:37:05,118 INFO org.springframework.scheduling.concurrent.ExecutorConfigurationSupport [SpringContextShutdownHook] Shutting down ExecutorService 'applicationTaskExecutor'
2020-01-21 17:51:35,828 INFO org.springframework.boot.StartupInfoLogger [main] Starting DemoApplicationTests on B4XK9W2 with PID 20008 (started by ABasu1 in C:\ARUP\ARUP_JAVA\SPRING\NewSpring\demo)
2020-01-21 17:51:35,830 INFO org.springframework.boot.SpringApplication [main] No active profile set, falling back to default profiles: default
2020-01-21 17:51:37,966 INFO org.springframework.scheduling.concurrent.ExecutorConfigurationSupport [main] Initializing ExecutorService 'applicationTaskExecutor'
2020-01-21 17:51:38,254 WARN org.springframework.boot.autoconfigure.thymeleaf.ThymeleafAutoConfiguration$DefaultTemplateResolverConfiguration [main] Cannot find template location: classpath:/templates/ (please add some templates or check your Thymeleaf configuration)
2020-01-21 17:51:38,694 INFO org.springframework.mock.web.MockServletContext [main] Initializing Spring TestDispatcherServlet ''
2020-01-21 17:51:38,695 INFO org.springframework.web.servlet.FrameworkServlet [main] Initializing Servlet ''
2020-01-21 17:51:38,710 INFO org.springframework.boot.actuate.endpoint.web.EndpointLinksResolver [main] Exposing 2 endpoint(s) beneath base path '/actuator'
2020-01-21 17:51:38,752 INFO org.springframework.web.servlet.FrameworkServlet [main] Completed initialization in 57 ms
2020-01-21 17:51:38,798 INFO org.springframework.boot.StartupInfoLogger [main] Started DemoApplicationTests in 3.316 seconds (JVM running for 4.224)
2020-01-21 17:51:39,102 INFO org.springframework.test.context.support.AbstractTestContextBootstrapper [main] Neither @ContextConfiguration nor @ContextHierarchy found for test class [com.arup.demo.FullStackTest], using SpringBootContextLoader
2020-01-21 17:51:39,103 INFO org.springframework.test.context.support.AbstractContextLoader [main] Could not detect default resource locations for test class [com.arup.demo.FullStackTest]: no resource found for suffixes {-context.xml, Context.groovy}.
2020-01-21 17:51:39,104 INFO org.springframework.test.context.support.AnnotationConfigContextLoaderUtils [main] Could not detect default configuration classes for test class [com.arup.demo.FullStackTest]: FullStackTest does not declare any static, non-private, non-final, nested classes annotated with @Configuration.
2020-01-21 17:51:39,106 INFO org.springframework.boot.test.context.SpringBootTestContextBootstrapper [main] Found @SpringBootConfiguration com.arup.demo.DemoApplication for test class com.arup.demo.FullStackTest
2020-01-21 17:51:39,118 INFO org.springframework.test.context.support.AbstractTestContextBootstrapper [main] Loaded default TestExecutionListener class names from location [META-INF/spring.factories]: [org.springframework.boot.test.mock.mockito.MockitoTestExecutionListener, org.springframework.boot.test.mock.mockito.ResetMocksTestExecutionListener, org.springframework.boot.test.autoconfigure.restdocs.RestDocsTestExecutionListener, org.springframework.boot.test.autoconfigure.web.client.MockRestServiceServerResetTestExecutionListener, org.springframework.boot.test.autoconfigure.web.servlet.MockMvcPrintOnlyOnFailureTestExecutionListener, org.springframework.boot.test.autoconfigure.web.servlet.WebDriverTestExecutionListener, org.springframework.test.context.web.ServletTestExecutionListener, org.springframework.test.context.support.DirtiesContextBeforeModesTestExecutionListener, org.springframework.test.context.support.DependencyInjectionTestExecutionListener, org.springframework.test.context.support.DirtiesContextTestExecutionListener, org.springframework.test.context.transaction.TransactionalTestExecutionListener, org.springframework.test.context.jdbc.SqlScriptsTestExecutionListener, org.springframework.test.context.event.EventPublishingTestExecutionListener]
2020-01-21 17:51:39,119 INFO org.springframework.test.context.support.AbstractTestContextBootstrapper [main] Using TestExecutionListeners: [org.springframework.test.context.web.ServletTestExecutionListener@565aa4ac, org.springframework.test.context.support.DirtiesContextBeforeModesTestExecutionListener@587c5c1, org.springframework.boot.test.mock.mockito.MockitoTestExecutionListener@528c8c1, org.springframework.boot.test.autoconfigure.SpringBootDependencyInjectionTestExecutionListener@1f78d415, org.springframework.test.context.support.DirtiesContextTestExecutionListener@1c046c92, org.springframework.test.context.transaction.TransactionalTestExecutionListener@27960b1e, org.springframework.test.context.jdbc.SqlScriptsTestExecutionListener@643ba1ed, org.springframework.test.context.event.EventPublishingTestExecutionListener@3d3a1903, org.springframework.boot.test.mock.mockito.ResetMocksTestExecutionListener@26582ca, org.springframework.boot.test.autoconfigure.restdocs.RestDocsTestExecutionListener@153cb763, org.springframework.boot.test.autoconfigure.web.client.MockRestServiceServerResetTestExecutionListener@2c3158e0, org.springframework.boot.test.autoconfigure.web.servlet.MockMvcPrintOnlyOnFailureTestExecutionListener@412ebe64, org.springframework.boot.test.autoconfigure.web.servlet.WebDriverTestExecutionListener@6f731759]
2020-01-21 17:51:39,167 INFO org.springframework.boot.StartupInfoLogger [main] Starting FullStackTest on B4XK9W2 with PID 20008 (started by ABasu1 in C:\ARUP\ARUP_JAVA\SPRING\NewSpring\demo)
2020-01-21 17:51:39,168 INFO org.springframework.boot.SpringApplication [main] No active profile set, falling back to default profiles: default
2020-01-21 17:51:39,912 INFO org.springframework.boot.web.embedded.tomcat.TomcatWebServer [main] Tomcat initialized with port(s): 0 (http)
2020-01-21 17:51:39,924 INFO org.apache.juli.logging.DirectJDKLog [main] Initializing ProtocolHandler ["http-nio-auto-1"]
2020-01-21 17:51:39,924 INFO org.apache.juli.logging.DirectJDKLog [main] Starting service [Tomcat]
2020-01-21 17:51:39,924 INFO org.apache.juli.logging.DirectJDKLog [main] Starting Servlet engine: [Apache Tomcat/9.0.30]
2020-01-21 17:51:40,054 INFO org.apache.juli.logging.DirectJDKLog [main] Initializing Spring embedded WebApplicationContext
2020-01-21 17:51:40,055 INFO org.springframework.boot.web.servlet.context.ServletWebServerApplicationContext [main] Root WebApplicationContext: initialization completed in 883 ms
2020-01-21 17:51:40,723 INFO org.springframework.scheduling.concurrent.ExecutorConfigurationSupport [main] Initializing ExecutorService 'applicationTaskExecutor'
2020-01-21 17:51:40,871 WARN org.springframework.boot.autoconfigure.thymeleaf.ThymeleafAutoConfiguration$DefaultTemplateResolverConfiguration [main] Cannot find template location: classpath:/templates/ (please add some templates or check your Thymeleaf configuration)
2020-01-21 17:51:41,042 INFO org.springframework.boot.actuate.endpoint.web.EndpointLinksResolver [main] Exposing 2 endpoint(s) beneath base path '/actuator'
2020-01-21 17:51:41,102 INFO org.apache.juli.logging.DirectJDKLog [main] Starting ProtocolHandler ["http-nio-auto-1"]
2020-01-21 17:51:41,144 INFO org.springframework.boot.web.embedded.tomcat.TomcatWebServer [main] Tomcat started on port(s): 54951 (http) with context path ''
2020-01-21 17:51:41,147 INFO org.springframework.boot.StartupInfoLogger [main] Started FullStackTest in 2.017 seconds (JVM running for 6.573)
2020-01-21 17:51:41,256 INFO org.apache.juli.logging.DirectJDKLog [http-nio-auto-1-exec-1] Initializing Spring DispatcherServlet 'dispatcherServlet'
2020-01-21 17:51:41,256 INFO org.springframework.web.servlet.FrameworkServlet [http-nio-auto-1-exec-1] Initializing Servlet 'dispatcherServlet'
2020-01-21 17:51:41,282 INFO org.springframework.web.servlet.FrameworkServlet [http-nio-auto-1-exec-1] Completed initialization in 26 ms
2020-01-21 17:51:41,387 INFO org.springframework.scheduling.concurrent.ExecutorConfigurationSupport [SpringContextShutdownHook] Shutting down ExecutorService 'applicationTaskExecutor'
2020-01-21 17:51:41,387 INFO org.springframework.scheduling.concurrent.ExecutorConfigurationSupport [SpringContextShutdownHook] Shutting down ExecutorService 'applicationTaskExecutor'
